[debug] [2021-10-19T11:20:47.564Z] ----------------------------------------------------------------------
[debug] [2021-10-19T11:20:47.567Z] Command:       /home/moududi/.nvm/versions/node/v16.10.0/bin/node /home/moududi/.nvm/versions/node/v16.10.0/bin/firebase deploy
[debug] [2021-10-19T11:20:47.567Z] CLI Version:   9.20.0
[debug] [2021-10-19T11:20:47.567Z] Platform:      linux
[debug] [2021-10-19T11:20:47.567Z] Node Version:  v16.10.0
[debug] [2021-10-19T11:20:47.567Z] Time:          Tue Oct 19 2021 17:20:47 GMT+0600 (Bangladesh Standard Time)
[debug] [2021-10-19T11:20:47.568Z] ----------------------------------------------------------------------
[debug] 
[debug] [2021-10-19T11:20:47.649Z] Object "" in "firebase.json" has unknown property: {"additionalProperty":"rewrites"}
[debug] [2021-10-19T11:20:47.652Z] > command requires scopes: ["email","openid","https://www.googleapis.com/auth/cloudplatformprojects.readonly","https://www.googleapis.com/auth/firebase","https://www.googleapis.com/auth/cloud-platform"]
[debug] [2021-10-19T11:20:47.653Z] > authorizing via signed-in user (moududjhpi15@gmail.com)
[debug] [2021-10-19T11:20:47.653Z] [iam] checking project dentist-point-kcp for permissions ["firebase.projects.get","firebasehosting.sites.update"]
[debug] [2021-10-19T11:20:47.655Z] > refreshing access token with scopes: ["email","https://www.googleapis.com/auth/cloud-platform","https://www.googleapis.com/auth/cloudplatformprojects.readonly","https://www.googleapis.com/auth/firebase","openid"]
[debug] [2021-10-19T11:20:47.655Z] >>> HTTP REQUEST POST https://www.googleapis.com/oauth2/v3/token  
 <request body omitted>
[debug] [2021-10-19T11:21:02.721Z] [iam] error while checking permissions, command may fail: FirebaseError: Authentication Error: Your credentials are no longer valid. Please run firebase login --reauth

For CI servers and headless environments, generate a new token with firebase login:ci
[debug] [2021-10-19T11:21:02.729Z] > refreshing access token with scopes: []
[debug] [2021-10-19T11:21:02.730Z] >>> HTTP REQUEST POST https://www.googleapis.com/oauth2/v3/token  
 <request body omitted>
[debug] [2021-10-19T11:21:17.775Z] Authentication Error: Your credentials are no longer valid. Please run firebase login --reauth

For CI servers and headless environments, generate a new token with firebase login:ci
[debug] [2021-10-19T11:21:18.171Z] FirebaseError: Authentication Error: Your credentials are no longer valid. Please run firebase login --reauth

For CI servers and headless environments, generate a new token with firebase login:ci
    at invalidCredentialError (/home/moududi/.nvm/versions/node/v16.10.0/lib/node_modules/firebase-tools/lib/auth.js:141:12)
    at refreshTokens (/home/moududi/.nvm/versions/node/v16.10.0/lib/node_modules/firebase-tools/lib/auth.js:448:15)
    at processTicksAndRejections (node:internal/process/task_queues:96:5)
    at async Client.getAccessToken (/home/moududi/.nvm/versions/node/v16.10.0/lib/node_modules/firebase-tools/lib/apiv2.js:144:23)
    at async Client.addAuthHeader (/home/moududi/.nvm/versions/node/v16.10.0/lib/node_modules/firebase-tools/lib/apiv2.js:135:21)
    at async Client.request (/home/moududi/.nvm/versions/node/v16.10.0/lib/node_modules/firebase-tools/lib/apiv2.js:93:34)
    at async Object.getFirebaseProject (/home/moududi/.nvm/versions/node/v16.10.0/lib/node_modules/firebase-tools/lib/management/projects.js:290:21)
    at async Object.getDefaultHostingSite (/home/moududi/.nvm/versions/node/v16.10.0/lib/node_modules/firebase-tools/lib/getDefaultHostingSite.js:8:21)
    at async requireHostingSite (/home/moududi/.nvm/versions/node/v16.10.0/lib/node_modules/firebase-tools/lib/requireHostingSite.js:9:18)
    at async Object.fn (/home/moududi/.nvm/versions/node/v16.10.0/lib/node_modules/firebase-tools/lib/commands/deploy.js:65:9)
    at async /home/moududi/.nvm/versions/node/v16.10.0/lib/node_modules/firebase-tools/lib/command.js:188:17
[error] 
[error] Error: Failed to get Firebase project dentist-point-kcp. Please make sure the project exists and your account has permission to access it.
